2024-08-23 02:36:46,187 - WARNING - Erro ao localizar o ícone: The confidence keyword argument is only available if OpenCV is installed.
2024-08-23 02:36:46,189 - INFO - Nenhuma Colheita pronta
2024-08-23 02:36:49,250 - WARNING - Erro ao localizar o ícone: The confidence keyword argument is only available if OpenCV is installed.
2024-08-23 02:36:49,252 - INFO - Nenhuma Colheita pronta
2024-08-23 02:36:52,296 - WARNING - Erro ao localizar o ícone: The confidence keyword argument is only available if OpenCV is installed.
2024-08-23 02:36:52,297 - INFO - Nenhuma Colheita pronta
2024-08-23 02:36:55,345 - WARNING - Erro ao localizar o ícone: The confidence keyword argument is only available if OpenCV is installed.
2024-08-23 02:36:55,347 - INFO - Nenhuma Colheita pronta
2024-08-23 02:36:58,394 - WARNING - Erro ao localizar o ícone: The confidence keyword argument is only available if OpenCV is installed.
2024-08-23 02:36:58,396 - INFO - Nenhuma Colheita pronta
2024-08-23 02:37:01,452 - WARNING - Erro ao localizar o ícone: The confidence keyword argument is only available if OpenCV is installed.
2024-08-23 02:37:01,453 - INFO - Nenhuma Colheita pronta
2024-08-23 02:37:06,572 - WARNING - Erro ao localizar o ícone: The confidence keyword argument is only available if OpenCV is installed.
2024-08-23 02:37:06,573 - INFO - Nenhuma Colheita pronta
2024-08-23 02:37:09,632 - WARNING - Erro ao localizar o ícone: The confidence keyword argument is only available if OpenCV is installed.
2024-08-23 02:37:09,634 - INFO - Nenhuma Colheita pronta
2024-08-23 02:37:12,680 - WARNING - Erro ao localizar o ícone: The confidence keyword argument is only available if OpenCV is installed.
2024-08-23 02:37:12,681 - INFO - Nenhuma Colheita pronta
2024-08-23 02:37:15,739 - WARNING - Erro ao localizar o ícone: The confidence keyword argument is only available if OpenCV is installed.
2024-08-23 02:37:15,742 - INFO - Nenhuma Colheita pronta
2024-08-23 02:37:18,796 - WARNING - Erro ao localizar o ícone: The confidence keyword argument is only available if OpenCV is installed.
2024-08-23 02:37:18,798 - INFO - Nenhuma Colheita pronta
2024-08-23 02:37:21,847 - WARNING - Erro ao localizar o ícone: The confidence keyword argument is only available if OpenCV is installed.
2024-08-23 02:37:21,849 - INFO - Nenhuma Colheita pronta
2024-08-23 02:37:24,902 - WARNING - Erro ao localizar o ícone: The confidence keyword argument is only available if OpenCV is installed.
2024-08-23 02:37:24,904 - INFO - Nenhuma Colheita pronta
2024-08-23 02:37:27,962 - WARNING - Erro ao localizar o ícone: The confidence keyword argument is only available if OpenCV is installed.
2024-08-23 02:37:27,965 - INFO - Nenhuma Colheita pronta
2024-08-23 02:37:31,016 - WARNING - Erro ao localizar o ícone: The confidence keyword argument is only available if OpenCV is installed.
2024-08-23 02:37:31,017 - INFO - Nenhuma Colheita pronta
2024-08-23 02:37:34,073 - WARNING - Erro ao localizar o ícone: The confidence keyword argument is only available if OpenCV is installed.
2024-08-23 02:37:34,075 - INFO - Nenhuma Colheita pronta
2024-08-23 02:37:37,134 - WARNING - Erro ao localizar o ícone: The confidence keyword argument is only available if OpenCV is installed.
2024-08-23 02:37:37,135 - INFO - Nenhuma Colheita pronta
2024-08-23 02:37:40,193 - WARNING - Erro ao localizar o ícone: The confidence keyword argument is only available if OpenCV is installed.
2024-08-23 02:37:40,195 - INFO - Nenhuma Colheita pronta
2024-08-23 02:37:43,250 - WARNING - Erro ao localizar o ícone: The confidence keyword argument is only available if OpenCV is installed.
2024-08-23 02:37:43,252 - INFO - Nenhuma Colheita pronta
2024-08-23 02:37:46,295 - WARNING - Erro ao localizar o ícone: The confidence keyword argument is only available if OpenCV is installed.
2024-08-23 02:37:46,297 - INFO - Nenhuma Colheita pronta
2024-08-23 02:37:49,345 - WARNING - Erro ao localizar o ícone: The confidence keyword argument is only available if OpenCV is installed.
2024-08-23 02:37:49,347 - INFO - Nenhuma Colheita pronta
2024-08-23 02:37:52,410 - WARNING - Erro ao localizar o ícone: The confidence keyword argument is only available if OpenCV is installed.
2024-08-23 02:37:52,411 - INFO - Nenhuma Colheita pronta
2024-08-23 02:37:55,463 - WARNING - Erro ao localizar o ícone: The confidence keyword argument is only available if OpenCV is installed.
2024-08-23 02:37:55,464 - INFO - Nenhuma Colheita pronta
2024-08-23 02:37:58,514 - WARNING - Erro ao localizar o ícone: The confidence keyword argument is only available if OpenCV is installed.
2024-08-23 02:37:58,514 - INFO - Nenhuma Colheita pronta
2024-08-23 02:38:01,560 - WARNING - Erro ao localizar o ícone: The confidence keyword argument is only available if OpenCV is installed.
2024-08-23 02:38:01,561 - INFO - Nenhuma Colheita pronta
2024-08-23 02:38:04,617 - WARNING - Erro ao localizar o ícone: The confidence keyword argument is only available if OpenCV is installed.
2024-08-23 02:38:04,618 - INFO - Nenhuma Colheita pronta
2024-08-23 02:38:07,665 - WARNING - Erro ao localizar o ícone: The confidence keyword argument is only available if OpenCV is installed.
2024-08-23 02:38:07,667 - INFO - Nenhuma Colheita pronta
2024-08-23 02:38:10,720 - WARNING - Erro ao localizar o ícone: The confidence keyword argument is only available if OpenCV is installed.
2024-08-23 02:38:10,724 - INFO - Nenhuma Colheita pronta
2024-08-23 02:38:13,788 - WARNING - Erro ao localizar o ícone: The confidence keyword argument is only available if OpenCV is installed.
2024-08-23 02:38:13,789 - INFO - Nenhuma Colheita pronta
2024-08-23 02:38:16,851 - WARNING - Erro ao localizar o ícone: The confidence keyword argument is only available if OpenCV is installed.
2024-08-23 02:38:16,852 - INFO - Nenhuma Colheita pronta
2024-08-23 02:38:19,902 - WARNING - Erro ao localizar o ícone: The confidence keyword argument is only available if OpenCV is installed.
2024-08-23 02:38:19,904 - INFO - Nenhuma Colheita pronta
2024-08-23 02:38:22,972 - WARNING - Erro ao localizar o ícone: The confidence keyword argument is only available if OpenCV is installed.
2024-08-23 02:38:22,973 - INFO - Nenhuma Colheita pronta
2024-08-23 02:38:26,038 - WARNING - Erro ao localizar o ícone: The confidence keyword argument is only available if OpenCV is installed.
2024-08-23 02:38:26,039 - INFO - Nenhuma Colheita pronta
2024-08-23 02:38:29,099 - WARNING - Erro ao localizar o ícone: The confidence keyword argument is only available if OpenCV is installed.
2024-08-23 02:38:29,101 - INFO - Nenhuma Colheita pronta
2024-08-23 02:38:32,148 - WARNING - Erro ao localizar o ícone: The confidence keyword argument is only available if OpenCV is installed.
2024-08-23 02:38:32,150 - INFO - Nenhuma Colheita pronta
2024-08-23 02:38:45,749 - WARNING - Erro ao localizar o ícone: The confidence keyword argument is only available if OpenCV is installed.
2024-08-23 02:38:45,751 - INFO - Nenhuma Colheita pronta
2024-08-23 02:38:48,800 - WARNING - Erro ao localizar o ícone: The confidence keyword argument is only available if OpenCV is installed.
2024-08-23 02:38:48,802 - INFO - Nenhuma Colheita pronta
2024-08-23 02:38:51,846 - WARNING - Erro ao localizar o ícone: The confidence keyword argument is only available if OpenCV is installed.
2024-08-23 02:38:51,847 - INFO - Nenhuma Colheita pronta
2024-08-23 02:41:07,924 - INFO - Indo Colher
2024-08-23 02:41:07,924 - INFO - Mover pra esquerda
2024-08-23 02:41:16,731 - WARNING - Erro ao localizar o ícone: 
2024-08-23 02:41:16,734 - INFO - Nenhuma Colheita pronta
2024-08-23 02:41:20,133 - WARNING - Erro ao localizar o ícone: 
2024-08-23 02:41:20,136 - INFO - Nenhuma Colheita pronta
2024-08-23 02:41:23,411 - WARNING - Erro ao localizar o ícone: 
2024-08-23 02:41:23,415 - INFO - Nenhuma Colheita pronta
